<?xml version="1.0" encoding="UTF-8"?>
<!-- Generated by org.testng.reporters.JUnitReportReporter -->
<testsuite hostname="shalinis-mbp.lan" failures="0" tests="2" name="qaclickacademy.RESTAPITest" time="0.009" errors="0" timestamp="2022-05-02T12:43:14 PDT" skipped="0">
  <testcase classname="qaclickacademy.RESTAPITest" name="deleteTwitter" time="0.008"/>
  <system-out/>
  <testcase classname="qaclickacademy.RESTAPITest" name="postJira" time="0.001"/>
  <system-out/>
</testsuite> <!-- qaclickacademy.RESTAPITest -->
