<?xml version="1.0" encoding="UTF-8"?>
<!-- Generated by org.testng.reporters.JUnitReportReporter -->
<testsuite hostname="shalinis-mbp.lan" failures="0" tests="2" name="qaclickacademy.AppiumTest" time="0.004" errors="0" timestamp="2022-04-29T11:57:44 PDT" skipped="0">
  <testcase classname="qaclickacademy.AppiumTest" name="NativeAppAndroid" time="0.001"/>
  <system-out/>
  <testcase classname="qaclickacademy.AppiumTest" name="IOSApps" time="0.003"/>
  <system-out/>
</testsuite> <!-- qaclickacademy.AppiumTest -->
